<?xml version="1.0" encoding="UTF-8"?>
<!-- Generated by org.testng.reporters.JUnitReportReporter -->
<testsuite skipped="0" hostname="SJCHP840G3324Y" name="op_Package.AddProductAndValidateDollarAmount" tests="1" failures="0" timestamp="15 Aug 2018 22:27:39 GMT" time="26.087" errors="0">
  <testcase name="addingProducts" time="26.087" classname="op_Package.AddProductAndValidateDollarAmount"/>
</testsuite> <!-- op_Package.AddProductAndValidateDollarAmount -->
