<?xml version="1.0" encoding="UTF-8"?>
<!-- Generated by org.testng.reporters.JUnitReportReporter -->
<testsuite skipped="0" hostname="SJCHP840G3324Y" name="op_Package.LoginOptimusDataFromDataProviders" tests="1" failures="0" timestamp="13 Aug 2018 17:57:14 GMT" time="9.232" errors="0">
  <testcase name="loginTest" time="9.232" classname="op_Package.LoginOptimusDataFromDataProviders"/>
</testsuite> <!-- op_Package.LoginOptimusDataFromDataProviders -->
