<?xml version="1.0" encoding="UTF-8"?>
<!-- Generated by org.testng.reporters.JUnitReportReporter -->
<testsuite skipped="0" hostname="SJCHP840G3324Y" name="com.store.checkout.AddProductAndValidateDollarAmount" tests="1" failures="0" timestamp="17 Aug 2018 05:49:22 GMT" time="20.442" errors="0">
  <testcase name="addingProducts" time="20.442" classname="com.store.checkout.AddProductAndValidateDollarAmount"/>
</testsuite> <!-- com.store.checkout.AddProductAndValidateDollarAmount -->
