<?xml version="1.0" encoding="UTF-8"?>
<!-- Generated by org.testng.reporters.JUnitReportReporter -->
<testsuite skipped="0" hostname="SJCHP840G3324Y" name="op_Package.Clone_UPC" tests="1" failures="0" timestamp="14 Jul 2018 06:50:01 GMT" time="2.862" errors="0">
  <testcase name="createUPC" time="2.862" classname="op_Package.Clone_UPC"/>
</testsuite> <!-- op_Package.Clone_UPC -->
