<?xml version="1.0" encoding="UTF-8"?>
<!-- Generated by org.testng.reporters.JUnitReportReporter -->
<testsuite skipped="0" hostname="SJCHP840G3324Y" name="chekout_TestCases_Package.VerifyErrorMessage" tests="1" failures="0" timestamp="16 Aug 2018 22:10:56 GMT" time="21.130" errors="0">
  <testcase name="addingProducts" time="21.130" classname="chekout_TestCases_Package.VerifyErrorMessage"/>
</testsuite> <!-- chekout_TestCases_Package.VerifyErrorMessage -->
