<?xml version="1.0" encoding="UTF-8"?>
<!-- Generated by org.testng.reporters.JUnitReportReporter -->
<testsuite skipped="0" hostname="SJCHP840G3324Y" name="com.store.checkout.VerifyErrorMessage" tests="1" failures="0" timestamp="17 Aug 2018 05:49:22 GMT" time="48.796" errors="0">
  <testcase name="addingProducts" time="48.796" classname="com.store.checkout.VerifyErrorMessage"/>
</testsuite> <!-- com.store.checkout.VerifyErrorMessage -->
