<?xml version="1.0" encoding="UTF-8"?>
<!-- Generated by org.testng.reporters.JUnitReportReporter -->
<testsuite skipped="0" hostname="SJCHP840G3324Y" name="op_Package.create_UPC" tests="1" failures="0" timestamp="06 Jul 2018 19:50:09 GMT" time="35.791" errors="0">
  <testcase name="createUPC" time="35.791" classname="op_Package.create_UPC"/>
</testsuite> <!-- op_Package.create_UPC -->
