<?xml version="1.0" encoding="UTF-8"?>
<!-- Generated by org.testng.reporters.JUnitReportReporter -->
<testsuite skipped="0" hostname="SJCHP840G3324Y" name="op_Package.AddProduct" tests="1" failures="0" timestamp="17 Aug 2018 02:24:14 GMT" time="17.346" errors="0">
  <testcase name="addingProducts" time="17.346" classname="op_Package.AddProduct"/>
</testsuite> <!-- op_Package.AddProduct -->
