<?xml version="1.0" encoding="UTF-8"?>
<!-- Generated by org.testng.reporters.JUnitReportReporter -->
<testsuite skipped="0" hostname="SJCHP840G3324Y" name="op_Package.Delete_UPC" tests="1" failures="0" timestamp="06 Jul 2018 22:32:08 GMT" time="40.074" errors="0">
  <testcase name="createUPC" time="40.074" classname="op_Package.Delete_UPC"/>
</testsuite> <!-- op_Package.Delete_UPC -->
