<?xml version="1.0" encoding="UTF-8"?>
<!-- Generated by org.testng.reporters.JUnitReportReporter -->
<testsuite skipped="0" hostname="SJCHP840G3324Y" name="dataProviders.DataBaseCoonectivity" tests="1" failures="0" timestamp="25 Jul 2018 22:02:52 GMT" time="3.376" errors="0">
  <testcase name="dbCoonection" time="3.376" classname="dataProviders.DataBaseCoonectivity"/>
</testsuite> <!-- dataProviders.DataBaseCoonectivity -->
