<?xml version="1.0" encoding="UTF-8"?>
<!-- Generated by org.testng.reporters.JUnitReportReporter -->
<testsuite skipped="0" hostname="SJCHP840G3324Y" name="op_Package.CreateUPC" tests="1" failures="0" timestamp="25 Jul 2018 23:44:20 GMT" time="48.080" errors="0">
  <testcase name="createUPC" time="48.080" classname="op_Package.CreateUPC"/>
</testsuite> <!-- op_Package.CreateUPC -->
