<?xml version="1.0" encoding="UTF-8"?>
<!-- Generated by org.testng.reporters.JUnitReportReporter -->
<testsuite skipped="0" hostname="SJCHP840G3324Y" name="op_Package.Open_chrome_browser" tests="2" failures="0" timestamp="05 Jul 2018 20:25:20 GMT" time="11.979" errors="0">
  <testcase name="Test_3_UPC_module" time="9.781" classname="op_Package.Open_chrome_browser"/>
  <testcase name="Test_1_Login" time="2.198" classname="op_Package.Open_chrome_browser"/>
</testsuite> <!-- op_Package.Open_chrome_browser -->
