<?xml version="1.0" encoding="UTF-8"?>
<!-- Generated by org.testng.reporters.JUnitReportReporter -->
<testsuite skipped="0" hostname="SJCHP840G3324Y" name="op_Package.EnterShiipingContactInfo" tests="1" failures="0" timestamp="15 Aug 2018 22:27:39 GMT" time="33.125" errors="0">
  <testcase name="addingProducts" time="33.125" classname="op_Package.EnterShiipingContactInfo"/>
</testsuite> <!-- op_Package.EnterShiipingContactInfo -->
