<?xml version="1.0" encoding="UTF-8"?>
<!-- Generated by org.testng.reporters.JUnitReportReporter -->
<testsuite skipped="0" hostname="SJCHP840G3324Y" name="op_Package.DataFromDB" tests="1" failures="0" timestamp="25 Jul 2018 22:11:35 GMT" time="1.981" errors="0">
  <testcase name="testing" time="1.981" classname="op_Package.DataFromDB"/>
</testsuite> <!-- op_Package.DataFromDB -->
