<?xml version="1.0" encoding="UTF-8"?>
<!-- Generated by org.testng.reporters.JUnitReportReporter -->
<testsuite skipped="0" hostname="SJCHP840G3324Y" name="op_Package.RemoveProduct" tests="1" failures="0" timestamp="15 Aug 2018 07:08:21 GMT" time="30.435" errors="0">
  <testcase name="addingProducts" time="30.435" classname="op_Package.RemoveProduct"/>
</testsuite> <!-- op_Package.RemoveProduct -->
