<?xml version="1.0" encoding="UTF-8"?>
<!-- Generated by org.testng.reporters.JUnitReportReporter -->
<testsuite skipped="0" hostname="SJCHP840G3324Y" name="dataProviders.WriteExcel" tests="1" failures="0" timestamp="23 Jul 2018 22:28:00 GMT" time="0.713" errors="0">
  <testcase name="readerForexcel" time="0.713" classname="dataProviders.WriteExcel"/>
</testsuite> <!-- dataProviders.WriteExcel -->
