<?xml version="1.0" encoding="UTF-8"?>
<!-- Generated by org.testng.reporters.JUnitReportReporter -->
<testsuite skipped="0" hostname="SJCHP840G3324Y" name="dataProviders.DataBaseCoonectivity2" tests="1" failures="0" timestamp="25 Jul 2018 22:19:42 GMT" time="1.781" errors="0">
  <testcase name="dbCoonection" time="1.781" classname="dataProviders.DataBaseCoonectivity2"/>
</testsuite> <!-- dataProviders.DataBaseCoonectivity2 -->
