<?xml version="1.0" encoding="UTF-8"?>
<!-- Generated by org.testng.reporters.JUnitReportReporter -->
<testsuite skipped="0" hostname="SJCHP840G3324Y" name="com.store.checkout.EnterShiipingContactInfo" tests="1" failures="0" timestamp="17 Aug 2018 17:12:48 GMT" time="26.571" errors="0">
  <testcase name="addingProducts" time="26.571" classname="com.store.checkout.EnterShiipingContactInfo"/>
</testsuite> <!-- com.store.checkout.EnterShiipingContactInfo -->
