<?xml version="1.0" encoding="UTF-8"?>
<!-- Generated by org.testng.reporters.JUnitReportReporter -->
<testsuite skipped="0" hostname="SJCHP840G3324Y" name="op_Package.AddProduct" tests="1" failures="0" timestamp="15 Aug 2018 07:10:37 GMT" time="21.812" errors="0">
  <testcase name="addingProducts" time="21.812" classname="op_Package.AddProduct"/>
</testsuite> <!-- op_Package.AddProduct -->
