<?xml version="1.0" encoding="UTF-8"?>
<!-- Generated by org.testng.reporters.JUnitReportReporter -->
<testsuite skipped="0" hostname="SJCHP840G3324Y" name="dataProviders.SimpleReadWrite" tests="1" failures="0" timestamp="24 Jul 2018 06:37:10 GMT" time="1.396" errors="0">
  <testcase name="readWrite" time="1.396" classname="dataProviders.SimpleReadWrite"/>
</testsuite> <!-- dataProviders.SimpleReadWrite -->
