<?xml version="1.0" encoding="UTF-8"?>
<!-- Generated by org.testng.reporters.JUnitReportReporter -->
<testsuite skipped="0" hostname="SJCHP840G3324Y" name="op_Package.DeleteUPC" tests="1" failures="0" timestamp="21 Jul 2018 00:50:00 GMT" time="41.973" errors="0">
  <testcase name="createUPC1" time="41.973" classname="op_Package.DeleteUPC"/>
</testsuite> <!-- op_Package.DeleteUPC -->
