<?xml version="1.0" encoding="UTF-8"?>
<!-- Generated by org.testng.reporters.JUnitReportReporter -->
<testsuite skipped="0" hostname="SJCHP840G3324Y" name="op_Package.EnterShiipingContactInfo" tests="1" failures="0" timestamp="16 Aug 2018 06:28:58 GMT" time="19.395" errors="0">
  <testcase name="addingProducts" time="19.395" classname="op_Package.EnterShiipingContactInfo"/>
</testsuite> <!-- op_Package.EnterShiipingContactInfo -->
