<?xml version="1.0" encoding="UTF-8"?>
<!-- Generated by org.testng.reporters.JUnitReportReporter -->
<testsuite skipped="0" hostname="SJCHP840G3324Y" name="dataProviders.SimpleReadWrite" tests="1" failures="0" timestamp="16 Aug 2018 22:11:28 GMT" time="1.106" errors="0">
  <testcase name="readWrite" time="1.106" classname="dataProviders.SimpleReadWrite"/>
</testsuite> <!-- dataProviders.SimpleReadWrite -->
