<?xml version="1.0" encoding="UTF-8"?>
<!-- Generated by org.testng.reporters.JUnitReportReporter -->
<testsuite skipped="0" hostname="SJCHP840G3324Y" name="op_Package.LoginOptimusPrime" tests="1" failures="0" timestamp="20 Jul 2018 05:20:38 GMT" time="7.855" errors="0">
  <testcase name="loginOP" time="7.855" classname="op_Package.LoginOptimusPrime"/>
</testsuite> <!-- op_Package.LoginOptimusPrime -->
